
=======================================================
ORB SCAN — 2026-07-06 11:30:03
=======================================================

Risk per trade: ₹2,500.00

  [RELIANCE] no signal
  [TCS] no signal
  [HDFCBANK] no signal
  [BHARTIARTL] no signal
  [ICICIBANK] no signal
  [INFY] no signal
  [SBIN] no signal
  [LICI] no signal
  [HINDUNILVR] no signal
  [ITC] no signal
  [BAJFINANCE] no signal
  [KOTAKBANK] no signal
  [LT] no signal
  [HCLTECH] no signal
  [MARUTI] no signal
  [AXISBANK] no signal
  [ASIANPAINT] no signal
  [TITAN] no signal
  [NTPC] no signal
  [ONGC] no signal
  [POWERGRID] no signal
  [ULTRACEMCO] no signal
  [WIPRO] no signal
  [ADANIENT] no signal
  [JSWSTEEL] no signal
  [TATAMOTORS] not in map
  [INDUSINDBK] no signal
  [HINDALCO] no signal
  [DRREDDY] no signal
  [SUNPHARMA] no signal
  [COALINDIA] no signal
  [TECHM] no signal
  [BAJAJFINSV] no signal
  [TATACONSUM] no signal
  [DIVISLAB] no signal
  [GRASIM] no signal
  [BRITANNIA] no signal
  [APOLLOHOSP] no signal
  [CIPLA] no signal
  [EICHERMOT] no signal
  [BPCL] no signal
  [NESTLEIND] no signal
  [HEROMOTOCO] no signal
  [BAJAJ-AUTO] no signal
  [TATAPOWER] no signal
  [ADANIPORTS] no signal
  [SBILIFE] no signal
  [HDFCLIFE] no signal
  [TATASTEEL] no signal
  [M&M] no signal

=======================================================
ORB SCAN COMPLETE — 0 signal(s) found
=======================================================


=======================================================
ORB SCAN — 2026-07-06 12:30:04
=======================================================

Risk per trade: ₹2,500.00

  [RELIANCE] no signal
  [TCS] no signal
  [HDFCBANK] no signal
  [BHARTIARTL] no signal
  [ICICIBANK] no signal
  [INFY] no signal
  [SBIN] no signal
  [LICI] no signal
  [HINDUNILVR] no signal
  [ITC] no signal
  [BAJFINANCE] no signal
  [KOTAKBANK] no signal
  [LT] no signal
  [HCLTECH] no signal
  [MARUTI] no signal
  [AXISBANK] no signal
  [ASIANPAINT] no signal
  [TITAN] no signal
  [NTPC] no signal
  [ONGC] no signal
  [POWERGRID] no signal
  [ULTRACEMCO] no signal
  [WIPRO] no signal
  [ADANIENT] no signal
  [JSWSTEEL] no signal
  [TATAMOTORS] not in map
  [INDUSINDBK] no signal
  [HINDALCO] no signal
  [DRREDDY] no signal
  [SUNPHARMA] no signal
  [COALINDIA] no signal
  [TECHM] no signal
  [BAJAJFINSV] no signal
  [TATACONSUM] no signal
  [DIVISLAB] no signal
  [GRASIM] no signal
  [BRITANNIA] no signal
  [APOLLOHOSP] no signal
  [CIPLA] no signal
  [EICHERMOT] no signal
  [BPCL] no signal
  [NESTLEIND] no signal
  [HEROMOTOCO] no signal
  [BAJAJ-AUTO] no signal
  [TATAPOWER] no signal
  [ADANIPORTS] no signal
  [SBILIFE] no signal
  [HDFCLIFE] no signal
  [TATASTEEL] no signal
  [M&M] no signal

=======================================================
ORB SCAN COMPLETE — 0 signal(s) found
=======================================================


=======================================================
ORB SCAN — 2026-07-06 15:39:02
=======================================================

Risk per trade: ₹2,500.00

  [RELIANCE] no signal
  [TCS] no signal
  [HDFCBANK] no signal
  [BHARTIARTL] no signal
  [ICICIBANK] no signal
  [INFY] no signal
  [SBIN] no signal
  [LICI] no signal
  [HINDUNILVR] no signal
  [ITC] no signal
  [BAJFINANCE] no signal
  [KOTAKBANK] no signal
  [LT] no signal
  [HCLTECH] no signal
  [MARUTI] no signal
  [AXISBANK] no signal
  [ASIANPAINT] no signal
  [TITAN] no signal
  [NTPC] no signal
  [ONGC] no signal
  [POWERGRID] no signal
  [ULTRACEMCO] no signal
  [WIPRO] no signal
  [ADANIENT] no signal
  [JSWSTEEL] no signal
  [TATAMOTORS] not in map
  [INDUSINDBK] no signal
  [HINDALCO] no signal
  [DRREDDY] no signal
  [SUNPHARMA] no signal
  [COALINDIA] no signal
  [TECHM] no signal
  [BAJAJFINSV] no signal
  [TATACONSUM] no signal
  [DIVISLAB] no signal
  [GRASIM] no signal
  [BRITANNIA] no signal
  [APOLLOHOSP] no signal
  [CIPLA] no signal
  [EICHERMOT] no signal
  [BPCL] no signal
  [NESTLEIND] no signal
  [HEROMOTOCO] no signal
  [BAJAJ-AUTO] no signal
  [TATAPOWER] no signal
  [ADANIPORTS] no signal
  [SBILIFE] no signal
  [HDFCLIFE] no signal
  [TATASTEEL] no signal
  [M&M] no signal

=======================================================
ORB SCAN COMPLETE — 0 signal(s) found
=======================================================


=======================================================
ORB SCAN — 2026-07-06 17:47:48
=======================================================

Risk per trade: ₹2,500.00

  [RELIANCE] no signal
  [TCS] no signal
  [HDFCBANK] no signal
  [BHARTIARTL] no signal
  [ICICIBANK] no signal
  [INFY] no signal
  [SBIN] no signal
  [LICI] no signal
  [HINDUNILVR] no signal
  [ITC] no signal
  [BAJFINANCE] no signal
  [KOTAKBANK] no signal
  [LT] no signal
  [HCLTECH] no signal
  [MARUTI] no signal
  [AXISBANK] no signal
  [ASIANPAINT] no signal
  [TITAN] no signal
  [NTPC] no signal
  [ONGC] no signal
  [POWERGRID] no signal
  [ULTRACEMCO] no signal
  [WIPRO] no signal
  [ADANIENT] no signal
  [JSWSTEEL] no signal
  [TATAMOTORS] not in map
  [INDUSINDBK] no signal
  [HINDALCO] no signal
  [DRREDDY] no signal
  [SUNPHARMA] no signal
  [COALINDIA] no signal
  [TECHM] no signal
  [BAJAJFINSV] no signal
  [TATACONSUM] no signal
  [DIVISLAB] no signal
  [GRASIM] no signal
  [BRITANNIA] no signal
  [APOLLOHOSP] no signal
  [CIPLA] no signal
  [EICHERMOT] no signal
  [BPCL] no signal
  [NESTLEIND] no signal
  [HEROMOTOCO] no signal
  [BAJAJ-AUTO] no signal
  [TATAPOWER] no signal
  [ADANIPORTS] no signal
  [SBILIFE] no signal
  [HDFCLIFE] no signal
  [TATASTEEL] no signal
  [M&M] no signal

=======================================================
ORB SCAN COMPLETE — 0 signal(s) found
=======================================================


=======================================================
ORB SCAN — 2026-07-07 10:46:15
=======================================================

Risk per trade: ₹2,500.00

  [RELIANCE] no signal
  [TCS] no signal
  [HDFCBANK] no signal
  [BHARTIARTL] no signal
  [ICICIBANK] no signal
  [INFY] no signal
  [SBIN] no signal
  [LICI] no signal
  [HINDUNILVR] no signal
  [ITC] no signal
  [BAJFINANCE] no signal
  [KOTAKBANK] no signal
  [LT] no signal
  [HCLTECH] no signal
  [MARUTI] no signal
  [AXISBANK] no signal
  [ASIANPAINT] no signal
  [TITAN] no signal
  [NTPC] no signal
  [ONGC] no signal
  [POWERGRID] no signal
  [ULTRACEMCO] no signal
  [WIPRO] no signal
  [ADANIENT] no signal
  [JSWSTEEL] no signal
  [TATAMOTORS] not in map
  [INDUSINDBK] no signal
  [HINDALCO] no signal
  [DRREDDY] no signal
  [SUNPHARMA] no signal
  [COALINDIA] no signal
  [TECHM] no signal
  [BAJAJFINSV] no signal
  [TATACONSUM] no signal
  [DIVISLAB] no signal
  [GRASIM] no signal
  [BRITANNIA] no signal
  [APOLLOHOSP] no signal
  [CIPLA] no signal
  [EICHERMOT] no signal
  [BPCL] no signal
  [NESTLEIND] no signal
  [HEROMOTOCO] no signal
  [BAJAJ-AUTO] no signal
  [TATAPOWER] no signal
  [ADANIPORTS] no signal
  [SBILIFE] no signal
  [HDFCLIFE] no signal
  [TATASTEEL] no signal
  [M&M] no signal

=======================================================
ORB SCAN COMPLETE — 0 signal(s) found
=======================================================

^C