
============================================================
WEEKLY SCAN Ś 2026-07-03 16:00:05
============================================================

Universe: 500 active symbols

[1/500] 360ONE ... ERROR Ś 'charmap' codec can't encode characters in position 0-1: character maps to <undefined>
[2/500] 3MINDIA ... ERROR Ś 'charmap' codec can't encode characters in position 0-1: character maps to <undefined>
[3/500] ABB ... ERROR Ś 'charmap' codec can't encode characters in position 0-1: character maps to <undefined>
[4/500] ACC ... ERROR Ś 'charmap' codec can't encode character '\u274c' in position 0: character maps to <undefined>
[5/500] ACMESOLAR ... ERROR Ś 'charmap' codec can't encode characters in position 0-1: character maps to <undefined>
[6/500] AIAENG ... ERROR Ś 'charmap' codec can't encode characters in position 0-1: character maps to <undefined>
[7/500] APLAPOLLO ... ERROR Ś 'charmap' codec can't encode character '\u274c' in position 0: character maps to <undefined>
[8/500] AUBANK ... ERROR Ś 'charmap' codec can't encode characters in position 0-1: character maps to <undefined>
[9/500] AWL ... ERROR Ś 'charmap' codec can't encode character '\u274c' in position 0: character maps to <undefined>
[10/500] AADHARHFC ... ERROR Ś 'charmap' codec can't encode characters in position 0-1: character maps to <undefined>
[11/500] AARTIIND ... ERROR Ś 'charmap' codec can't encode characters in position 0-1: character maps to <undefined>
[12/500] AAVAS ... ERROR Ś 'charmap' codec can't encode characters in position 0-1: character maps to <undefined>
[13/500] ABBOTINDIA ... ERROR Ś 'charmap' codec can't encode character '\u274c' in position 0: character maps to <undefined>
[14/500] ACE ... ERROR Ś 'charmap' codec can't encode characters in position 0-1: character maps to <undefined>
[15/500] ACUTAAS ... ERROR Ś 'charmap' codec can't encode characters in position 0-1: character maps to <undefined>
[16/500] ADANIENSOL ... ERROR Ś 'charmap' codec can't encode characters in position 0-1: character maps to <undefined>
[17/500] ADANIENT ... ERROR Ś 'charmap' codec can't encode characters in position 0-1: character maps to <undefined>
[18/500] ADANIGREEN ... ERROR Ś 'charmap' codec can't encode characters in position 0-1: character maps to <undefined>
[19/500] ADANIPORTS ... ERROR Ś 'charmap' codec can't encode characters in position 0-1: character maps to <undefined>
[20/500] ADANIPOWER ... ERROR Ś 'charmap' codec can't encode characters in position 0-1: character maps to <undefined>
[21/500] ATGL ... ERROR Ś 'charmap' codec can't encode characters in position 0-1: character maps to <undefined>
[22/500] ABCAPITAL ... ERROR Ś 'charmap' codec can't encode characters in position 0-1: character maps to <undefined>
[23/500] ABFRL ... ERROR Ś 'charmap' codec can't encode character '\u274c' in position 0: character maps to <undefined>
[24/500] ABLBL ... ERROR Ś 'charmap' codec can't encode character '\u274c' in position 0: character maps to <undefined>
[25/500] ABREL ... ERROR Ś 'charmap' codec can't encode characters in position 0-1: character maps to <undefined>
[26/500] ABSLAMC ... ERROR Ś 'charmap' codec can't encode characters in position 0-1: character maps to <undefined>
[27/500] CPPLUS ... ERROR Ś 'charmap' codec can't encode characters in position 0-1: character maps to <undefined>
[28/500] AEGISLOG ... ERROR Ś 'charmap' codec can't encode characters in position 0-1: character maps to <undefined>
[29/500] AEGISVOPAK ... ERROR Ś 'charmap' codec can't encode characters in position 0-1: character maps to <undefined>
[30/500] AFCONS ... ERROR Ś 'charmap' codec can't encode character '\u274c' in position 0: character maps to <undefined>
[31/500] AFFLE ... ERROR Ś 'charmap' codec can't encode character '\u274c' in position 0: character maps to <undefined>
[32/500] AJANTPHARM ... ERROR Ś 'charmap' codec can't encode characters in position 0-1: character maps to <undefined>
[33/500] ALKEM ... ERROR Ś 'charmap' codec can't encode characters in position 0-1: character maps to <undefined>
[34/500] ABDL ... ERROR Ś 'charmap' codec can't encode characters in position 0-1: character maps to <undefined>
[35/500] ARE&M ... ERROR Ś 'charmap' codec can't encode characters in position 0-1: character maps to <undefined>
[36/500] AMBER ... ERROR Ś 'charmap' codec can't encode character '\u274c' in position 0: character maps to <undefined>
[37/500] AMBUJACEM ... ERROR Ś 'charmap' codec can't encode character '\u274c' in position 0: character maps to <undefined>
[38/500] ANANDRATHI ... ERROR Ś 'charmap' codec can't encode characters in position 0-1: character maps to <undefined>
[39/500] ANANTRAJ ... ERROR Ś 'charmap' codec can't encode characters in position 0-1: character maps to <undefined>
[40/500] ANGELONE ... ERROR Ś 'charmap' codec can't encode characters in position 0-1: character maps to <undefined>
[41/500] ANTHEM ... ERROR Ś 'charmap' codec can't encode characters in position 0-1: character maps to <undefined>
[42/500] ANURAS ... ERROR Ś 'charmap' codec can't encode character '\u274c' in position 0: character maps to <undefined>
[43/500] APARINDS ... ERROR Ś 'charmap' codec can't encode characters in position 0-1: character maps to <undefined>
[44/500] APOLLOHOSP ... ERROR Ś 'charmap' codec can't encode characters in position 0-1: character maps to <undefined>
[45/500] APOLLOTYRE ... ERROR Ś 'charmap' codec can't encode characters in position 0-1: character maps to <undefined>
[46/500] APTUS ... ERROR Ś 'charmap' codec can't encode characters in position 0-1: character maps to <undefined>
[47/500] ASAHIINDIA ... ERROR Ś 'charmap' codec can't encode character '\u274c' in position 0: character maps to <undefined>
[48/500] ASHOKLEY ... ERROR Ś 'charmap' codec can't encode characters in position 0-1: character maps to <undefined>
[49/500] ASIANPAINT ... ERROR Ś 'charmap' codec can't encode characters in position 0-1: character maps to <undefined>
[50/500] ASTERDM ... ERROR Ś 'charmap' codec can't encode characters in position 0-1: character maps to <undefined>
[51/500] ASTRAL ... ERROR Ś 'charmap' codec can't encode character '\u274c' in position 0: character maps to <undefined>
[52/500] ATHERENERG ... ERROR Ś 'charmap' codec can't encode characters in position 0-1: character maps to <undefined>
[53/500] ATUL ... ERROR Ś 'charmap' codec can't encode character '\u274c' in position 0: character maps to <undefined>
[54/500] AUROPHARMA ... ERROR Ś 'charmap' codec can't encode characters in position 0-1: character maps to <undefined>
[55/500] AIIL ... ERROR Ś 'charmap' codec can't encode characters in position 0-1: character maps to <undefined>
[56/500] DMART ... ERROR Ś 'charmap' codec can't encode character '\u274c' in position 0: character maps to <undefined>
[57/500] AXISBANK ... ERROR Ś 'charmap' codec can't encode characters in position 0-1: character maps to <undefined>
[58/500] BEML ... ERROR Ś 'charmap' codec can't encode characters in position 0-1: character maps to <undefined>
[59/500] BLS ... ERROR Ś 'charmap' codec can't encode character '\u274c' in position 0: character maps to <undefined>
[60/500] BSE ... ERROR Ś 'charmap' codec can't encode characters in position 0-1: character maps to <undefined>
[61/500] BAJAJ-AUTO ... ERROR Ś 'charmap' codec can't encode character '\u274c' in position 0: character maps to <undefined>
[62/500] BAJFINANCE ... ERROR Ś 'charmap' codec can't encode characters in position 0-1: character maps to <undefined>
[63/500] BAJAJFINSV ... ERROR Ś 'charmap' codec can't encode characters in position 0-1: character maps to <undefined>
[64/500] BAJAJHLDNG ... ERROR Ś 'charmap' codec can't encode characters in position 0-1: character maps to <undefined>
[65/500] BAJAJHFL ... ERROR Ś 'charmap' codec can't encode characters in position 0-1: character maps to <undefined>
[66/500] BALKRISIND ... ERROR Ś 'charmap' codec can't encode character '\u274c' in position 0: character maps to <undefined>
[67/500] BALRAMCHIN ... ERROR Ś 'charmap' codec can't encode characters in position 0-1: character maps to <undefined>
[68/500] BANDHANBNK ... ERROR Ś 'charmap' codec can't encode characters in position 0-1: character maps to <undefined>
[69/500] BANKBARODA ... ERROR Ś 'charmap' codec can't encode character '\u274c' in position 0: character maps to <undefined>
[70/500] BANKINDIA ... ERROR Ś 'charmap' codec can't encode characters in position 0-1: character maps to <undefined>
[71/500] MAHABANK ... ERROR Ś 'charmap' codec can't encode characters in position 0-1: character maps to <undefined>
[72/500] BATAINDIA ... ERROR Ś 'charmap' codec can't encode character '\u274c' in position 0: character maps to <undefined>
[73/500] BAYERCROP ... ERROR Ś 'charmap' codec can't encode character '\u274c' in position 0: character maps to <undefined>
[74/500] BELRISE ... ERROR Ś 'charmap' codec can't encode characters in position 0-1: character maps to <undefined>
[75/500] BERGEPAINT ... ERROR Ś 'charmap' codec can't encode characters in position 0-1: character maps to <undefined>
[76/500] BDL ... ERROR Ś 'charmap' codec can't encode characters in position 0-1: character maps to <undefined>
[77/500] BEL ... ERROR Ś 'charmap' codec can't encode character '\u274c' in position 0: character maps to <undefined>
[78/500] BHARATFORG ... ERROR Ś 'charmap' codec can't encode characters in position 0-1: character maps to <undefined>
[79/500] BHEL ... ERROR Ś 'charmap' codec can't encode characters in position 0-1: character maps to <undefined>
[80/500] BPCL ... ERROR Ś 'charmap' codec can't encode character '\u274c' in position 0: character maps to <undefined>
[81/500] BHARTIARTL ... ERROR Ś 'charmap' codec can't encode characters in position 0-1: character maps to <undefined>
[82/500] BHARTIHEXA ... ERROR Ś 'charmap' codec can't encode character '\u274c' in position 0: character maps to <undefined>
[83/500] BIKAJI ... ERROR Ś 'charmap' codec can't encode character '\u274c' in position 0: character maps to <undefined>
[84/500] GROWW ... ERROR Ś 'charmap' codec can't encode characters in position 0-1: character maps to <undefined>
[85/500] BIOCON ... ERROR Ś 'charmap' codec can't encode characters in position 0-1: character maps to <undefined>
[86/500] BSOFT ... ERROR Ś 'charmap' codec can't encode character '\u274c' in position 0: character maps to <undefined>
[87/500] BLUEDART ... ERROR Ś 'charmap' codec can't encode character '\u274c' in position 0: character maps to <undefined>
[88/500] BLUEJET ... ERROR Ś 'charmap' codec can't encode characters in position 0-1: character maps to <undefined>
[89/500] BLUESTARCO ... ERROR Ś 'charmap' codec can't encode character '\u274c' in position 0: character maps to <undefined>
[90/500] BBTC ... ERROR Ś 'charmap' codec can't encode character '\u274c' in position 0: character maps to <undefined>
[91/500] BOSCHLTD ... ERROR Ś 'charmap' codec can't encode characters in position 0-1: character maps to <undefined>
[92/500] FIRSTCRY ... ERROR Ś 'charmap' codec can't encode character '\u274c' in position 0: character maps to <undefined>
[93/500] BRIGADE ... ERROR Ś 'charmap' codec can't encode character '\u274c' in position 0: character maps to <undefined>
[94/500] BRITANNIA ... ERROR Ś 'charmap' codec can't encode character '\u274c' in position 0: character maps to <undefined>
[95/500] MAPMYINDIA ... ERROR Ś 'charmap' codec can't encode character '\u274c' in position 0: character maps to <undefined>
[96/500] CCL ... ERROR Ś 'charmap' codec can't encode characters in position 0-1: character maps to <undefined>
[97/500] CESC ... ERROR Ś 'charmap' codec can't encode character '\u274c' in position 0: character maps to <undefined>
[98/500] CGPOWER ... ERROR Ś 'charmap' codec can't encode characters in position 0-1: character maps to <undefined>
[99/500] CIEINDIA ... ERROR Ś 'charmap' codec can't encode characters in position 0-1: character maps to <undefined>
[100/500] CRISIL ... ERROR Ś 'charmap' codec can't encode character '\u274c' in position 0: character maps to <undefined>
[101/500] CANFINHOME ... ERROR Ś 'charmap' codec can't encode characters in position 0-1: character maps to <undefined>
[102/500] CANBK ... ERROR Ś 'charmap' codec can't encode character '\u274c' in position 0: character maps to <undefined>
[103/500] CANHLIFE ... ERROR Ś 'charmap' codec can't encode characters in position 0-1: character maps to <undefined>
[104/500] CAPLIPOINT ... ERROR Ś 'charmap' codec can't encode characters in position 0-1: character maps to <undefined>
[105/500] CGCL ... ERROR Ś 'charmap' codec can't encode characters in position 0-1: character maps to <undefined>
[106/500] CARBORUNIV ... ERROR Ś 'charmap' codec can't encode characters in position 0-1: character maps to <undefined>
[107/500] CARTRADE ... ERROR Ś 'charmap' codec can't encode characters in position 0-1: character maps to <undefined>
[108/500] CASTROLIND ... ERROR Ś 'charmap' codec can't encode characters in position 0-1: character maps to <undefined>
[109/500] CEATLTD ... ERROR Ś 'charmap' codec can't encode characters in position 0-1: character maps to <undefined>
[110/500] CEMPRO ... ERROR Ś 'charmap' codec can't encode characters in position 0-1: character maps to <undefined>
[111/500] CENTRALBK ... ERROR Ś 'charmap' codec can't encode character '\u274c' in position 0: character maps to <undefined>
[112/500] CDSL ... ERROR Ś 'charmap' codec can't encode characters in position 0-1: character maps to <undefined>
[113/500] CHALET ... ERROR Ś 'charmap' codec can't encode characters in position 0-1: character maps to <undefined>
[114/500] CHAMBLFERT ... ERROR Ś 'charmap' codec can't encode characters in position 0-1: character maps to <undefined>
[115/500] CHENNPETRO ... ERROR Ś 'charmap' codec can't encode characters in position 0-1: character maps to <undefined>
[116/500] CHOICEIN ... ERROR Ś 'charmap' codec can't encode characters in position 0-1: character maps to <undefined>
[117/500] CHOLAHLDNG ... ERROR Ś 'charmap' codec can't encode characters in position 0-1: character maps to <undefined>
[118/500] CHOLAFIN ... ERROR Ś 'charmap' codec can't encode characters in position 0-1: character maps to <undefined>
[119/500] CIPLA ... ERROR Ś 'charmap' codec can't encode characters in position 0-1: character maps to <undefined>
[120/500] CUB ... ERROR Ś 'charmap' codec can't encode characters in position 0-1: character maps to <undefined>
[121/500] CLEAN ... ERROR Ś 'charmap' codec can't encode character '\u274c' in position 0: character maps to <undefined>
[122/500] COALINDIA ... ERROR Ś 'charmap' codec can't encode character '\u274c' in position 0: character maps to <undefined>
[123/500] COCHINSHIP ... ERROR Ś 'charmap' codec can't encode characters in position 0-1: character maps to <undefined>
[124/500] COFORGE ... ERROR Ś 'charmap' codec can't encode characters in position 0-1: character maps to <undefined>
[125/500] COHANCE ... ERROR Ś 'charmap' codec can't encode characters in position 0-1: character maps to <undefined>
[126/500] COLPAL ... ERROR Ś 'charmap' codec can't encode character '\u274c' in position 0: character maps to <undefined>
[127/500] CAMS ... ERROR Ś 'charmap' codec can't encode characters in position 0-1: character maps to <undefined>
[128/500] CONCORDBIO ... ERROR Ś 'charmap' codec can't encode characters in position 0-1: character maps to <undefined>
[129/500] CONCOR ... ERROR Ś 'charmap' codec can't encode characters in position 0-1: character maps to <undefined>
[130/500] COROMANDEL ... ERROR Ś 'charmap' codec can't encode characters in position 0-1: character maps to <undefined>
[131/500] CRAFTSMAN ... ERROR Ś 'charmap' codec can't encode characters in position 0-1: character maps to <undefined>
[132/500] CREDITACC ... ERROR Ś 'charmap' codec can't encode characters in position 0-1: character maps to <undefined>
[133/500] CROMPTON ... ERROR Ś 'charmap' codec can't encode characters in position 0-1: character maps to <undefined>
[134/500] CUMMINSIND ... ERROR Ś 'charmap' codec can't encode characters in position 0-1: character maps to <undefined>
[135/500] CYIENT ... ERROR Ś 'charmap' codec can't encode character '\u274c' in position 0: character maps to <undefined>
[136/500] DCMSHRIRAM ... ERROR Ś 'charmap' codec can't encode character '\u274c' in position 0: character maps to <undefined>
[137/500] DLF ... ERROR Ś 'charmap' codec can't encode characters in position 0-1: character maps to <undefined>
[138/500] DOMS ... ERROR Ś 'charmap' codec can't encode characters in position 0-1: character maps to <undefined>
[139/500] DABUR ... ERROR Ś 'charmap' codec can't encode character '\u274c' in position 0: character maps to <undefined>
[140/500] DALBHARAT ... ERROR Ś 'charmap' codec can't encode character '\u274c' in position 0: character maps to <undefined>
[141/500] DATAPATTNS ... ERROR Ś 'charmap' codec can't encode characters in position 0-1: character maps to <undefined>
[142/500] DEEPAKFERT ... ERROR Ś 'charmap' codec can't encode characters in position 0-1: character maps to <undefined>
[143/500] DEEPAKNTR ... ERROR Ś 'charmap' codec can't encode character '\u274c' in position 0: character maps to <undefined>
[144/500] DELHIVERY ... ERROR Ś 'charmap' codec can't encode characters in position 0-1: character maps to <undefined>
[145/500] DEVYANI ... ERROR Ś 'charmap' codec can't encode character '\u274c' in position 0: character maps to <undefined>
[146/500] DIVISLAB ... ERROR Ś 'charmap' codec can't encode characters in position 0-1: character maps to <undefined>
[147/500] DIXON ... ERROR Ś 'charmap' codec can't encode characters in position 0-1: character maps to <undefined>
[148/500] LALPATHLAB ... ERROR Ś 'charmap' codec can't encode characters in position 0-1: character maps to <undefined>
[149/500] DRREDDY ... ERROR Ś 'charmap' codec can't encode characters in position 0-1: character maps to <undefined>
[150/500] EIDPARRY ... ERROR Ś 'charmap' codec can't encode character '\u274c' in position 0: character maps to <undefined>
[151/500] EIHOTEL ... ERROR Ś 'charmap' codec can't encode characters in position 0-1: character maps to <undefined>
[152/500] EICHERMOT ... ERROR Ś 'charmap' codec can't encode characters in position 0-1: character maps to <undefined>
[153/500] ELECON ... ERROR Ś 'charmap' codec can't encode characters in position 0-1: character maps to <undefined>
[154/500] ELGIEQUIP ... ERROR Ś 'charmap' codec can't encode characters in position 0-1: character maps to <undefined>
[155/500] EMAMILTD ... ERROR Ś 'charmap' codec can't encode character '\u274c' in position 0: character maps to <undefined>
[156/500] EMCURE ... ERROR Ś 'charmap' codec can't encode characters in position 0-1: character maps to <undefined>
[157/500] EMMVEE ... ERROR Ś 'charmap' codec can't encode characters in position 0-1: character maps to <undefined>
[158/500] ENDURANCE ... ERROR Ś 'charmap' codec can't encode characters in position 0-1: character maps to <undefined>
[159/500] ENGINERSIN ... ERROR Ś 'charmap' codec can't encode characters in position 0-1: character maps to <undefined>
[160/500] ERIS ... ERROR Ś 'charmap' codec can't encode characters in position 0-1: character maps to <undefined>
[161/500] ESCORTS ... ERROR Ś 'charmap' codec can't encode character '\u274c' in position 0: character maps to <undefined>
[162/500] ETERNAL ... ERROR Ś 'charmap' codec can't encode characters in position 0-1: character maps to <undefined>
[163/500] EXIDEIND ... ERROR Ś 'charmap' codec can't encode characters in position 0-1: character maps to <undefined>
[164/500] NYKAA ... ERROR Ś 'charmap' codec can't encode characters in position 0-1: character maps to <undefined>
[165/500] FEDERALBNK ... ERROR Ś 'charmap' codec can't encode characters in position 0-1: character maps to <undefined>
[166/500] FACT ... ERROR Ś 'charmap' codec can't encode characters in position 0-1: character maps to <undefined>
[167/500] FINCABLES ... ERROR Ś 'charmap' codec can't encode characters in position 0-1: character maps to <undefined>
[168/500] FSL ... ERROR Ś 'charmap' codec can't encode character '\u274c' in position 0: character maps to <undefined>
[169/500] FIVESTAR ... ERROR Ś 'charmap' codec can't encode characters in position 0-1: character maps to <undefined>
[170/500] FORCEMOT ... ERROR Ś 'charmap' codec can't encode character '\u274c' in position 0: character maps to <undefined>
[171/500] FORTIS ... ERROR Ś 'charmap' codec can't encode characters in position 0-1: character maps to <undefined>
[172/500] GAIL ... ERROR Ś 'charmap' codec can't encode characters in position 0-1: character maps to <undefined>
[173/500] GVT&D ... ERROR Ś 'charmap' codec can't encode characters in position 0-1: character maps to <undefined>
[174/500] GMRAIRPORT ... ERROR Ś 'charmap' codec can't encode characters in position 0-1: character maps to <undefined>
[175/500] GABRIEL ... ERROR Ś 'charmap' codec can't encode characters in position 0-1: character maps to <undefined>
[176/500] GALLANTT ... ERROR Ś 'charmap' codec can't encode characters in position 0-1: character maps to <undefined>
[177/500] GRSE ... ERROR Ś 'charmap' codec can't encode characters in position 0-1: character maps to <undefined>
[178/500] GICRE ... ERROR Ś 'charmap' codec can't encode character '\u274c' in position 0: character maps to <undefined>
[179/500] GILLETTE ... ERROR Ś 'charmap' codec can't encode character '\u274c' in position 0: character maps to <undefined>
[180/500] GLAND ... ERROR Ś 'charmap' codec can't encode characters in position 0-1: character maps to <undefined>
[181/500] GLAXO ... ERROR Ś 'charmap' codec can't encode characters in position 0-1: character maps to <undefined>
[182/500] GLENMARK ... ERROR Ś 'charmap' codec can't encode characters in position 0-1: character maps to <undefined>
[183/500] MEDANTA ... ERROR Ś 'charmap' codec can't encode characters in position 0-1: character maps to <undefined>
[184/500] GODIGIT ... ERROR Ś 'charmap' codec can't encode character '\u274c' in position 0: character maps to <undefined>
[185/500] GPIL ... ERROR Ś 'charmap' codec can't encode character '\u274c' in position 0: character maps to <undefined>
[186/500] GODFRYPHLP ... ERROR Ś 'charmap' codec can't encode character '\u274c' in position 0: character maps to <undefined>
[187/500] GODREJCP ... ERROR Ś 'charmap' codec can't encode characters in position 0-1: character maps to <undefined>
[188/500] GODREJIND ... ERROR Ś 'charmap' codec can't encode characters in position 0-1: character maps to <undefined>
[189/500] GODREJPROP ... ERROR Ś 'charmap' codec can't encode characters in position 0-1: character maps to <undefined>
[190/500] GRANULES ... ERROR Ś 'charmap' codec can't encode characters in position 0-1: character maps to <undefined>
[191/500] GRAPHITE ... ERROR Ś 'charmap' codec can't encode character '\u274c' in position 0: character maps to <undefined>
[192/500] GRASIM ... ERROR Ś 'charmap' codec can't encode characters in position 0-1: character maps to <undefined>
[193/500] GRAVITA ... ERROR Ś 'charmap' codec can't encode characters in position 0-1: character maps to <undefined>
[194/500] GESHIP ... ERROR Ś 'charmap' codec can't encode characters in position 0-1: character maps to <undefined>
[195/500] FLUOROCHEM ... ERROR Ś 'charmap' codec can't encode characters in position 0-1: character maps to <undefined>
[196/500] GMDCLTD ... ERROR Ś 'charmap' codec can't encode character '\u274c' in position 0: character maps to <undefined>
[197/500] HEG ... ERROR Ś 'charmap' codec can't encode character '\u274c' in position 0: character maps to <undefined>
[198/500] HBLENGINE ... ERROR Ś 'charmap' codec can't encode characters in position 0-1: character maps to <undefined>
[199/500] HCLTECH ... ERROR Ś 'charmap' codec can't encode character '\u274c' in position 0: character maps to <undefined>
[200/500] HDBFS ... ERROR Ś 'charmap' codec can't encode characters in position 0-1: character maps to <undefined>
[201/500] HDFCAMC ... ERROR Ś 'charmap' codec can't encode characters in position 0-1: character maps to <undefined>
[202/500] HDFCBANK ... ERROR Ś 'charmap' codec can't encode character '\u274c' in position 0: character maps to <undefined>
[203/500] HDFCLIFE ... ERROR Ś 'charmap' codec can't encode character '\u274c' in position 0: character maps to <undefined>
[204/500] HFCL ... ERROR Ś 'charmap' codec can't encode characters in position 0-1: character maps to <undefined>
[205/500] HAVELLS ... ERROR Ś 'charmap' codec can't encode character '\u274c' in position 0: character maps to <undefined>
[206/500] HEROMOTOCO ... ERROR Ś 'charmap' codec can't encode character '\u274c' in position 0: character maps to <undefined>
[207/500] HEXT ... ERROR Ś 'charmap' codec can't encode characters in position 0-1: character maps to <undefined>
[208/500] HSCL ... ERROR Ś 'charmap' codec can't encode characters in position 0-1: character maps to <undefined>
[209/500] HINDALCO ... ERROR Ś 'charmap' codec can't encode character '\u274c' in position 0: character maps to <undefined>
[210/500] HAL ... ERROR Ś 'charmap' codec can't encode characters in position 0-1: character maps to <undefined>
[211/500] HINDCOPPER ... ERROR Ś 'charmap' codec can't encode character '\u274c' in position 0: character maps to <undefined>
[212/500] HINDPETRO ... ERROR Ś 'charmap' codec can't encode characters in position 0-1: character maps to <undefined>
[213/500] HINDUNILVR ... ERROR Ś 'charmap' codec can't encode character '\u274c' in position 0: character maps to <undefined>
[214/500] HINDZINC ... ERROR Ś 'charmap' codec can't encode character '\u274c' in position 0: character maps to <undefined>
[215/500] POWERINDIA ... ERROR Ś 'charmap' codec can't encode characters in position 0-1: character maps to <undefined>
[216/500] HOMEFIRST ... ERROR Ś 'charmap' codec can't encode characters in position 0-1: character maps to <undefined>
[217/500] HONASA ... ERROR Ś 'charmap' codec can't encode characters in position 0-1: character maps to <undefined>
[218/500] HONAUT ... ERROR Ś 'charmap' codec can't encode characters in position 0-1: character maps to <undefined>
[219/500] HUDCO ... ERROR Ś 'charmap' codec can't encode characters in position 0-1: character maps to <undefined>
[220/500] HYUNDAI ... ERROR Ś 'charmap' codec can't encode characters in position 0-1: character maps to <undefined>
[221/500] ICICIBANK ... ERROR Ś 'charmap' codec can't encode characters in position 0-1: character maps to <undefined>
[222/500] ICICIGI ... ERROR Ś 'charmap' codec can't encode character '\u274c' in position 0: character maps to <undefined>
[223/500] ICICIAMC ... ERROR Ś 'charmap' codec can't encode character '\u274c' in position 0: character maps to <undefined>
[224/500] ICICIPRULI ... ERROR Ś 'charmap' codec can't encode character '\u274c' in position 0: character maps to <undefined>
[225/500] IDBI ... ERROR Ś 'charmap' codec can't encode characters in position 0-1: character maps to <undefined>
[226/500] IDFCFIRSTB ... ERROR Ś 'charmap' codec can't encode characters in position 0-1: character maps to <undefined>
[227/500] IFCI ... ERROR Ś 'charmap' codec can't encode characters in position 0-1: character maps to <undefined>
[228/500] IIFL ... ERROR Ś 'charmap' codec can't encode characters in position 0-1: character maps to <undefined>
[229/500] IRB ... ERROR Ś 'charmap' codec can't encode characters in position 0-1: character maps to <undefined>
[230/500] IRCON ... ERROR Ś 'charmap' codec can't encode character '\u274c' in position 0: character maps to <undefined>
[231/500] ITCHOTELS ... ERROR Ś 'charmap' codec can't encode characters in position 0-1: character maps to <undefined>
[232/500] ITC ... ERROR Ś 'charmap' codec can't encode character '\u274c' in position 0: character maps to <undefined>
[233/500] ITI ... ERROR Ś 'charmap' codec can't encode characters in position 0-1: character maps to <undefined>
[234/500] INDGN ... ERROR Ś 'charmap' codec can't encode characters in position 0-1: character maps to <undefined>
[235/500] INDIACEM ... ERROR Ś 'charmap' codec can't encode character '\u274c' in position 0: character maps to <undefined>
[236/500] INDIAMART ... ERROR Ś 'charmap' codec can't encode character '\u274c' in position 0: character maps to <undefined>
[237/500] INDIANB ... ERROR Ś 'charmap' codec can't encode character '\u274c' in position 0: character maps to <undefined>
[238/500] IEX ... ERROR Ś 'charmap' codec can't encode character '\u274c' in position 0: character maps to <undefined>
[239/500] INDHOTEL ... ERROR Ś 'charmap' codec can't encode characters in position 0-1: character maps to <undefined>
[240/500] IOC ... ERROR Ś 'charmap' codec can't encode character '\u274c' in position 0: character maps to <undefined>
[241/500] IOB ... ERROR Ś 'charmap' codec can't encode character '\u274c' in position 0: character maps to <undefined>
[242/500] IRCTC ... ERROR Ś 'charmap' codec can't encode character '\u274c' in position 0: character maps to <undefined>
[243/500] IRFC ... ERROR Ś 'charmap' codec can't encode character '\u274c' in position 0: character maps to <undefined>
[244/500] IREDA ... ERROR Ś 'charmap' codec can't encode characters in position 0-1: character maps to <undefined>
[245/500] IGL ... ERROR Ś 'charmap' codec can't encode character '\u274c' in position 0: character maps to <undefined>
[246/500] INDUSTOWER ... ERROR Ś 'charmap' codec can't encode character '\u274c' in position 0: character maps to <undefined>
[247/500] INDUSINDBK ... ERROR Ś 'charmap' codec can't encode characters in position 0-1: character maps to <undefined>
[248/500] NAUKRI ... ERROR Ś 'charmap' codec can't encode characters in position 0-1: character maps to <undefined>
[249/500] INFY ... ERROR Ś 'charmap' codec can't encode character '\u274c' in position 0: character maps to <undefined>
[250/500] INOXWIND ... ERROR Ś 'charmap' codec can't encode character '\u274c' in position 0: character maps to <undefined>
[251/500] INTELLECT ... ERROR Ś 'charmap' codec can't encode characters in position 0-1: character maps to <undefined>
[252/500] INDIGO ... ERROR Ś 'charmap' codec can't encode characters in position 0-1: character maps to <undefined>
[253/500] IGIL ... ERROR Ś 'charmap' codec can't encode characters in position 0-1: character maps to <undefined>
[254/500] IKS ... ERROR Ś 'charmap' codec can't encode characters in position 0-1: character maps to <undefined>
[255/500] IPCALAB ... ERROR Ś 'charmap' codec can't encode characters in position 0-1: character maps to <undefined>
[256/500] JBCHEPHARM ... ERROR Ś 'charmap' codec can't encode characters in position 0-1: character maps to <undefined>
[257/500] JKCEMENT ... ERROR Ś 'charmap' codec can't encode characters in position 0-1: character maps to <undefined>
[258/500] JBMA ... ERROR Ś 'charmap' codec can't encode characters in position 0-1: character maps to <undefined>
[259/500] JKTYRE ... ERROR Ś 'charmap' codec can't encode character '\u274c' in position 0: character maps to <undefined>
[260/500] JMFINANCIL ... ERROR Ś 'charmap' codec can't encode character '\u274c' in position 0: character maps to <undefined>
[261/500] JSWCEMENT ... ERROR Ś 'charmap' codec can't encode characters in position 0-1: character maps to <undefined>
[262/500] JSWDULUX ... ERROR Ś 'charmap' codec can't encode characters in position 0-1: character maps to <undefined>
[263/500] JSWENERGY ... ERROR Ś 'charmap' codec can't encode characters in position 0-1: character maps to <undefined>
[264/500] JSWINFRA ... ERROR Ś 'charmap' codec can't encode characters in position 0-1: character maps to <undefined>
[265/500] JSWSTEEL ... ERROR Ś 'charmap' codec can't encode character '\u274c' in position 0: character maps to <undefined>
[266/500] JAINREC ... ERROR Ś 'charmap' codec can't encode character '\u274c' in position 0: character maps to <undefined>
[267/500] JPPOWER ... ERROR Ś 'charmap' codec can't encode character '\u274c' in position 0: character maps to <undefined>
[268/500] J&KBANK ... ERROR Ś 'charmap' codec can't encode characters in position 0-1: character maps to <undefined>
[269/500] JINDALSAW ... ERROR Ś 'charmap' codec can't encode characters in position 0-1: character maps to <undefined>
[270/500] JSL ... ERROR Ś 'charmap' codec can't encode character '\u274c' in position 0: character maps to <undefined>
[271/500] JINDALSTEL ... ERROR Ś 'charmap' codec can't encode character '\u274c' in position 0: character maps to <undefined>
[272/500] JIOFIN ... ERROR Ś 'charmap' codec can't encode character '\u274c' in position 0: character maps to <undefined>
[273/500] JUBLFOOD ... ERROR Ś 'charmap' codec can't encode character '\u274c' in position 0: character maps to <undefined>
[274/500] JUBLINGREA ... ERROR Ś 'charmap' codec can't encode characters in position 0-1: character maps to <undefined>
[275/500] JUBLPHARMA ... ERROR Ś 'charmap' codec can't encode characters in position 0-1: character maps to <undefined>
[276/500] JWL ... ERROR Ś 'charmap' codec can't encode character '\u274c' in position 0: character maps to <undefined>
[277/500] JYOTICNC ... ERROR Ś 'charmap' codec can't encode characters in position 0-1: character maps to <undefined>
[278/500] KPRMILL ... ERROR Ś 'charmap' codec can't encode characters in position 0-1: character maps to <undefined>
[279/500] KEI ... ERROR Ś 'charmap' codec can't encode characters in position 0-1: character maps to <undefined>
[280/500] KPITTECH ... ERROR Ś 'charmap' codec can't encode character '\u274c' in position 0: character maps to <undefined>
[281/500] KAJARIACER ... ERROR Ś 'charmap' codec can't encode characters in position 0-1: character maps to <undefined>
[282/500] KPIL ... ERROR Ś 'charmap' codec can't encode characters in position 0-1: character maps to <undefined>
[283/500] KALYANKJIL ... ERROR Ś 'charmap' codec can't encode character '\u274c' in position 0: character maps to <undefined>
[284/500] KARURVYSYA ... ERROR Ś 'charmap' codec can't encode characters in position 0-1: character maps to <undefined>
[285/500] KAYNES ... ERROR Ś 'charmap' codec can't encode character '\u274c' in position 0: character maps to <undefined>
[286/500] KEC ... ERROR Ś 'charmap' codec can't encode character '\u274c' in position 0: character maps to <undefined>
[287/500] KFINTECH ... ERROR Ś 'charmap' codec can't encode character '\u274c' in position 0: character maps to <undefined>
[288/500] KIRLOSENG ... ERROR Ś 'charmap' codec can't encode characters in position 0-1: character maps to <undefined>
[289/500] KOTAKBANK ... ERROR Ś 'charmap' codec can't encode characters in position 0-1: character maps to <undefined>
[290/500] KIMS ... ERROR Ś 'charmap' codec can't encode characters in position 0-1: character maps to <undefined>
[291/500] LTF ... ERROR Ś 'charmap' codec can't encode characters in position 0-1: character maps to <undefined>
[292/500] LTTS ... ERROR Ś 'charmap' codec can't encode character '\u274c' in position 0: character maps to <undefined>
[293/500] LGEINDIA ... ERROR Ś 'charmap' codec can't encode characters in position 0-1: character maps to <undefined>
[294/500] LICHSGFIN ... ERROR Ś 'charmap' codec can't encode characters in position 0-1: character maps to <undefined>
[295/500] LTFOODS ... ERROR Ś 'charmap' codec can't encode character '\u274c' in position 0: character maps to <undefined>
[296/500] LTM ... ERROR Ś 'charmap' codec can't encode character '\u274c' in position 0: character maps to <undefined>
[297/500] LT ... ERROR Ś 'charmap' codec can't encode character '\U0001f4cb' in position 2: character maps to <undefined>
[298/500] LATENTVIEW ... ERROR Ś 'charmap' codec can't encode character '\u274c' in position 0: character maps to <undefined>
[299/500] LAURUSLABS ... ERROR Ś 'charmap' codec can't encode characters in position 0-1: character maps to <undefined>
[300/500] THELEELA ... ERROR Ś 'charmap' codec can't encode characters in position 0-1: character maps to <undefined>
[301/500] LEMONTREE ... ERROR Ś 'charmap' codec can't encode characters in position 0-1: character maps to <undefined>
[302/500] LENSKART ... ERROR Ś 'charmap' codec can't encode characters in position 0-1: character maps to <undefined>
[303/500] LICI ... ERROR Ś 'charmap' codec can't encode characters in position 0-1: character maps to <undefined>
[304/500] LINDEINDIA ... ERROR Ś 'charmap' codec can't encode characters in position 0-1: character maps to <undefined>
[305/500] LLOYDSME ... ERROR Ś 'charmap' codec can't encode characters in position 0-1: character maps to <undefined>
[306/500] LODHA ... ERROR Ś 'charmap' codec can't encode characters in position 0-1: character maps to <undefined>
[307/500] LUPIN ... ERROR Ś 'charmap' codec can't encode characters in position 0-1: character maps to <undefined>
[308/500] MMTC ... ERROR Ś 'charmap' codec can't encode character '\U0001f4cb' in position 2: character maps to <undefined>
[309/500] MRF ... ERROR Ś 'charmap' codec can't encode characters in position 0-1: character maps to <undefined>
[310/500] MGL ... ERROR Ś 'charmap' codec can't encode characters in position 0-1: character maps to <undefined>
[311/500] M&MFIN ... ERROR Ś 'charmap' codec can't encode characters in position 0-1: character maps to <undefined>
[312/500] M&M ... ERROR Ś 'charmap' codec can't encode character '\u274c' in position 0: character maps to <undefined>
[313/500] MANAPPURAM ... ERROR Ś 'charmap' codec can't encode characters in position 0-1: character maps to <undefined>
[314/500] MRPL ... ERROR Ś 'charmap' codec can't encode character '\u274c' in position 0: character maps to <undefined>
[315/500] MANKIND ... ERROR Ś 'charmap' codec can't encode characters in position 0-1: character maps to <undefined>
[316/500] MARICO ... ERROR Ś 'charmap' codec can't encode characters in position 0-1: character maps to <undefined>
[317/500] MARUTI ... ERROR Ś 'charmap' codec can't encode characters in position 0-1: character maps to <undefined>
[318/500] MFSL ... ERROR Ś 'charmap' codec can't encode character '\u274c' in position 0: character maps to <undefined>
[319/500] MAXHEALTH ... ERROR Ś 'charmap' codec can't encode characters in position 0-1: character maps to <undefined>
[320/500] MAZDOCK ... ERROR Ś 'charmap' codec can't encode characters in position 0-1: character maps to <undefined>
[321/500] MEESHO ... ERROR Ś 'charmap' codec can't encode characters in position 0-1: character maps to <undefined>
[322/500] MINDACORP ... ERROR Ś 'charmap' codec can't encode characters in position 0-1: character maps to <undefined>
[323/500] MSUMI ... ERROR Ś 'charmap' codec can't encode characters in position 0-1: character maps to <undefined>
[324/500] MOTILALOFS ... ERROR Ś 'charmap' codec can't encode characters in position 0-1: character maps to <undefined>
[325/500] MPHASIS ... ERROR Ś 'charmap' codec can't encode character '\u274c' in position 0: character maps to <undefined>
[326/500] MCX ... ERROR Ś 'charmap' codec can't encode characters in position 0-1: character maps to <undefined>
[327/500] MUTHOOTFIN ... ERROR Ś 'charmap' codec can't encode character '\u274c' in position 0: character maps to <undefined>
[328/500] NATCOPHARM ... ERROR Ś 'charmap' codec can't encode character '\u274c' in position 0: character maps to <undefined>
[329/500] NBCC ... ERROR Ś 'charmap' codec can't encode characters in position 0-1: character maps to <undefined>
[330/500] NCC ... ERROR Ś 'charmap' codec can't encode character '\u274c' in position 0: character maps to <undefined>
[331/500] NHPC ... ERROR Ś 'charmap' codec can't encode characters in position 0-1: character maps to <undefined>
[332/500] NLCINDIA ... ERROR Ś 'charmap' codec can't encode characters in position 0-1: character maps to <undefined>
[333/500] NMDC ... ERROR Ś 'charmap' codec can't encode character '\u274c' in position 0: character maps to <undefined>
[334/500] NSLNISP ... ERROR Ś 'charmap' codec can't encode characters in position 0-1: character maps to <undefined>
[335/500] NTPCGREEN ... ERROR Ś 'charmap' codec can't encode character '\u274c' in position 0: character maps to <undefined>
[336/500] NTPC ... ERROR Ś 'charmap' codec can't encode character '\u274c' in position 0: character maps to <undefined>
[337/500] NH ... ERROR Ś 'charmap' codec can't encode characters in position 0-1: character maps to <undefined>
[338/500] NATIONALUM ... ERROR Ś 'charmap' codec can't encode character '\u274c' in position 0: character maps to <undefined>
[339/500] NAVA ... ERROR Ś 'charmap' codec can't encode characters in position 0-1: character maps to <undefined>
[340/500] NAVINFLUOR ... ERROR Ś 'charmap' codec can't encode characters in position 0-1: character maps to <undefined>
[341/500] NESTLEIND ... ERROR Ś 'charmap' codec can't encode characters in position 0-1: character maps to <undefined>
[342/500] NETWEB ... ERROR Ś 'charmap' codec can't encode characters in position 0-1: character maps to <undefined>
[343/500] NEULANDLAB ... ERROR Ś 'charmap' codec can't encode characters in position 0-1: character maps to <undefined>
[344/500] NEWGEN ... ERROR Ś 'charmap' codec can't encode character '\u274c' in position 0: character maps to <undefined>
[345/500] NAM-INDIA ... ERROR Ś 'charmap' codec can't encode characters in position 0-1: character maps to <undefined>
[346/500] NIVABUPA ... ERROR Ś 'charmap' codec can't encode characters in position 0-1: character maps to <undefined>
[347/500] NUVAMA ... ERROR Ś 'charmap' codec can't encode characters in position 0-1: character maps to <undefined>
[348/500] NUVOCO ... ERROR Ś 'charmap' codec can't encode characters in position 0-1: character maps to <undefined>
[349/500] OBEROIRLTY ... ERROR Ś 'charmap' codec can't encode characters in position 0-1: character maps to <undefined>
[350/500] ONGC ... ERROR Ś 'charmap' codec can't encode character '\u274c' in position 0: character maps to <undefined>
[351/500] OIL ... ERROR Ś 'charmap' codec can't encode character '\u274c' in position 0: character maps to <undefined>
[352/500] OLAELEC ... ERROR Ś 'charmap' codec can't encode characters in position 0-1: character maps to <undefined>
[353/500] OLECTRA ... ERROR Ś 'charmap' codec can't encode characters in position 0-1: character maps to <undefined>
[354/500] PAYTM ... ERROR Ś 'charmap' codec can't encode characters in position 0-1: character maps to <undefined>
[355/500] ONESOURCE ... ERROR Ś 'charmap' codec can't encode characters in position 0-1: character maps to <undefined>
[356/500] OFSS ... ERROR Ś 'charmap' codec can't encode characters in position 0-1: character maps to <undefined>
[357/500] POLICYBZR ... ERROR Ś 'charmap' codec can't encode character '\u274c' in position 0: character maps to <undefined>
[358/500] PCBL ... ERROR Ś 'charmap' codec can't encode characters in position 0-1: character maps to <undefined>
[359/500] PGEL ... ERROR Ś 'charmap' codec can't encode characters in position 0-1: character maps to <undefined>
[360/500] PIIND ... ERROR Ś 'charmap' codec can't encode character '\u274c' in position 0: character maps to <undefined>
[361/500] PNBHOUSING ... ERROR Ś 'charmap' codec can't encode characters in position 0-1: character maps to <undefined>
[362/500] PTCIL ... ERROR Ś 'charmap' codec can't encode characters in position 0-1: character maps to <undefined>
[363/500] PVRINOX ... ERROR Ś 'charmap' codec can't encode characters in position 0-1: character maps to <undefined>
[364/500] PAGEIND ... ERROR Ś 'charmap' codec can't encode characters in position 0-1: character maps to <undefined>
[365/500] PARADEEP ... ERROR Ś 'charmap' codec can't encode characters in position 0-1: character maps to <undefined>
[366/500] PATANJALI ... ERROR Ś 'charmap' codec can't encode character '\u274c' in position 0: character maps to <undefined>
[367/500] PERSISTENT ... ERROR Ś 'charmap' codec can't encode character '\u274c' in position 0: character maps to <undefined>
[368/500] PETRONET ... ERROR Ś 'charmap' codec can't encode character '\u274c' in position 0: character maps to <undefined>
[369/500] PFIZER ... ERROR Ś 'charmap' codec can't encode character '\u274c' in position 0: character maps to <undefined>
[370/500] PHOENIXLTD ... ERROR Ś 'charmap' codec can't encode characters in position 0-1: character maps to <undefined>
[371/500] PWL ... ERROR Ś 'charmap' codec can't encode characters in position 0-1: character maps to <undefined>
[372/500] PIDILITIND ... ERROR Ś 'charmap' codec can't encode characters in position 0-1: character maps to <undefined>
[373/500] PINELABS ... ERROR Ś 'charmap' codec can't encode character '\u274c' in position 0: character maps to <undefined>
[374/500] PIRAMALFIN ... ERROR Ś 'charmap' codec can't encode characters in position 0-1: character maps to <undefined>
[375/500] PPLPHARMA ... ERROR Ś 'charmap' codec can't encode characters in position 0-1: character maps to <undefined>
[376/500] POLYMED ... ERROR Ś 'charmap' codec can't encode characters in position 0-1: character maps to <undefined>
[377/500] POLYCAB ... ERROR Ś 'charmap' codec can't encode characters in position 0-1: character maps to <undefined>
[378/500] POONAWALLA ... ERROR Ś 'charmap' codec can't encode characters in position 0-1: character maps to <undefined>
[379/500] PFC ... ERROR Ś 'charmap' codec can't encode characters in position 0-1: character maps to <undefined>
[380/500] POWERGRID ... ERROR Ś 'charmap' codec can't encode character '\u274c' in position 0: character maps to <undefined>
[381/500] PREMIERENE ... ERROR Ś 'charmap' codec can't encode characters in position 0-1: character maps to <undefined>
[382/500] PRESTIGE ... ERROR Ś 'charmap' codec can't encode characters in position 0-1: character maps to <undefined>
[383/500] PNB ... ERROR Ś 'charmap' codec can't encode character '\u274c' in position 0: character maps to <undefined>
[384/500] RRKABEL ... ERROR Ś 'charmap' codec can't encode characters in position 0-1: character maps to <undefined>
[385/500] RBLBANK ... ERROR Ś 'charmap' codec can't encode characters in position 0-1: character maps to <undefined>
[386/500] RECLTD ... ERROR Ś 'charmap' codec can't encode characters in position 0-1: character maps to <undefined>
[387/500] RHIM ... ERROR Ś 'charmap' codec can't encode character '\u274c' in position 0: character maps to <undefined>
[388/500] RITES ... ERROR Ś 'charmap' codec can't encode characters in position 0-1: character maps to <undefined>
[389/500] RADICO ... ERROR Ś 'charmap' codec can't encode characters in position 0-1: character maps to <undefined>
[390/500] RVNL ... ERROR Ś 'charmap' codec can't encode character '\u274c' in position 0: character maps to <undefined>
[391/500] RAILTEL ... ERROR Ś 'charmap' codec can't encode character '\u274c' in position 0: character maps to <undefined>
[392/500] RAINBOW ... ERROR Ś 'charmap' codec can't encode characters in position 0-1: character maps to <undefined>
[393/500] RKFORGE ... ERROR Ś 'charmap' codec can't encode characters in position 0-1: character maps to <undefined>
[394/500] REDINGTON ... ERROR Ś 'charmap' codec can't encode characters in position 0-1: character maps to <undefined>
[395/500] RELIANCE ... ERROR Ś 'charmap' codec can't encode character '\u274c' in position 0: character maps to <undefined>
[396/500] RPOWER ... ERROR Ś 'charmap' codec can't encode character '\u274c' in position 0: character maps to <undefined>
[397/500] SBFC ... ERROR Ś 'charmap' codec can't encode character '\u274c' in position 0: character maps to <undefined>
[398/500] SBICARD ... ERROR Ś 'charmap' codec can't encode character '\u274c' in position 0: character maps to <undefined>
[399/500] SBILIFE ... ERROR Ś 'charmap' codec can't encode character '\u274c' in position 0: character maps to <undefined>
[400/500] SJVN ... ERROR Ś 'charmap' codec can't encode character '\u274c' in position 0: character maps to <undefined>
[401/500] SRF ... ERROR Ś 'charmap' codec can't encode characters in position 0-1: character maps to <undefined>
[402/500] SAGILITY ... ERROR Ś 'charmap' codec can't encode character '\u274c' in position 0: character maps to <undefined>
[403/500] SAILIFE ... ERROR Ś 'charmap' codec can't encode characters in position 0-1: character maps to <undefined>
[404/500] SAMMAANCAP ... ERROR Ś 'charmap' codec can't encode characters in position 0-1: character maps to <undefined>
[405/500] MOTHERSON ... ERROR Ś 'charmap' codec can't encode characters in position 0-1: character maps to <undefined>
[406/500] SAPPHIRE ... ERROR Ś 'charmap' codec can't encode character '\u274c' in position 0: character maps to <undefined>
[407/500] SARDAEN ... ERROR Ś 'charmap' codec can't encode character '\u274c' in position 0: character maps to <undefined>
[408/500] SAREGAMA ... Traceback (most recent call last):
  File "C:\Users\svats\trading_project\scripts\live\run_weekly_job.py", line 144, in <module>
    watchlist = run_weekly_scan()
                ^^^^^^^^^^^^^^^^^
  File "C:\Users\svats\trading_project\scripts\live\run_weekly_job.py", line 128, in run_weekly_scan
    print(f"  Passed both filters: {passed_both} \u2192 added to WL")
  File "C:\Users\svats\AppData\Local\Programs\Python\Python312\Lib\encodings\cp1252.py", line 19, in encode
    return codecs.charmap_encode(input,self.errors,encoding_table)[0]
           ^^^^^^^^^^^^^^^^^^^^^^^^^^^^^^^^^^^^^^^^^^^^^^^^^^^^^^^
UnicodeEncodeError: 'charmap' codec can't encode character '\u2192' in position 25: character maps to <undefined>
ERROR Ś 'charmap' codec can't encode characters in position 0-1: character maps to <undefined>
[409/500] SCHAEFFLER ... ERROR Ś 'charmap' codec can't encode characters in position 0-1: character maps to <undefined>
[410/500] SCHNEIDER ... ERROR Ś 'charmap' codec can't encode characters in position 0-1: character maps to <undefined>
[411/500] SCI ... ERROR Ś 'charmap' codec can't encode characters in position 0-1: character maps to <undefined>
[412/500] SHREECEM ... ERROR Ś 'charmap' codec can't encode characters in position 0-1: character maps to <undefined>
[413/500] SHRIRAMFIN ... ERROR Ś 'charmap' codec can't encode characters in position 0-1: character maps to <undefined>
[414/500] SHYAMMETL ... ERROR Ś 'charmap' codec can't encode characters in position 0-1: character maps to <undefined>
[415/500] ENRIN ... ERROR Ś 'charmap' codec can't encode characters in position 0-1: character maps to <undefined>
[416/500] SIEMENS ... ERROR Ś 'charmap' codec can't encode characters in position 0-1: character maps to <undefined>
[417/500] SIGNATURE ... ERROR Ś 'charmap' codec can't encode character '\u274c' in position 0: character maps to <undefined>
[418/500] SOBHA ... ERROR Ś 'charmap' codec can't encode characters in position 0-1: character maps to <undefined>
[419/500] SOLARINDS ... ERROR Ś 'charmap' codec can't encode characters in position 0-1: character maps to <undefined>
[420/500] SONACOMS ... ERROR Ś 'charmap' codec can't encode characters in position 0-1: character maps to <undefined>
[421/500] SONATSOFTW ... ERROR Ś 'charmap' codec can't encode character '\u274c' in position 0: character maps to <undefined>
[422/500] STARHEALTH ... ERROR Ś 'charmap' codec can't encode characters in position 0-1: character maps to <undefined>
[423/500] SBIN ... ERROR Ś 'charmap' codec can't encode characters in position 0-1: character maps to <undefined>
[424/500] SAIL ... ERROR Ś 'charmap' codec can't encode character '\u274c' in position 0: character maps to <undefined>
[425/500] SUMICHEM ... ERROR Ś 'charmap' codec can't encode characters in position 0-1: character maps to <undefined>
[426/500] SUNPHARMA ... ERROR Ś 'charmap' codec can't encode characters in position 0-1: character maps to <undefined>
[427/500] SUNTV ... ERROR Ś 'charmap' codec can't encode character '\u274c' in position 0: character maps to <undefined>
[428/500] SUNDARMFIN ... ERROR Ś 'charmap' codec can't encode character '\u274c' in position 0: character maps to <undefined>
[429/500] SUPREMEIND ... ERROR Ś 'charmap' codec can't encode character '\u274c' in position 0: character maps to <undefined>
[430/500] SPLPETRO ... ERROR Ś 'charmap' codec can't encode characters in position 0-1: character maps to <undefined>
[431/500] SUZLON ... ERROR Ś 'charmap' codec can't encode characters in position 0-1: character maps to <undefined>
[432/500] SWANCORP ... ERROR Ś 'charmap' codec can't encode character '\u274c' in position 0: character maps to <undefined>
[433/500] SWIGGY ... ERROR Ś 'charmap' codec can't encode character '\u274c' in position 0: character maps to <undefined>
[434/500] SYNGENE ... ERROR Ś 'charmap' codec can't encode character '\u274c' in position 0: character maps to <undefined>
[435/500] SYRMA ... ERROR Ś 'charmap' codec can't encode characters in position 0-1: character maps to <undefined>
[436/500] TBOTEK ... ERROR Ś 'charmap' codec can't encode characters in position 0-1: character maps to <undefined>
[437/500] TVSMOTOR ... ERROR Ś 'charmap' codec can't encode characters in position 0-1: character maps to <undefined>
[438/500] TATACAP ... ERROR Ś 'charmap' codec can't encode characters in position 0-1: character maps to <undefined>
[439/500] TATACHEM ... ERROR Ś 'charmap' codec can't encode character '\u274c' in position 0: character maps to <undefined>
[440/500] TATACOMM ... ERROR Ś 'charmap' codec can't encode characters in position 0-1: character maps to <undefined>
[441/500] TCS ... ERROR Ś 'charmap' codec can't encode character '\u274c' in position 0: character maps to <undefined>
[442/500] TATACONSUM ... ERROR Ś 'charmap' codec can't encode character '\u274c' in position 0: character maps to <undefined>
[443/500] TATAELXSI ... ERROR Ś 'charmap' codec can't encode character '\u274c' in position 0: character maps to <undefined>
[444/500] TATAINVEST ... ERROR Ś 'charmap' codec can't encode character '\u274c' in position 0: character maps to <undefined>
[445/500] TMCV ... ERROR Ś 'charmap' codec can't encode characters in position 0-1: character maps to <undefined>
[446/500] TMPV ... ERROR Ś 'charmap' codec can't encode character '\u274c' in position 0: character maps to <undefined>
[447/500] TATAPOWER ... ERROR Ś 'charmap' codec can't encode character '\u274c' in position 0: character maps to <undefined>
[448/500] TATASTEEL ... ERROR Ś 'charmap' codec can't encode character '\u274c' in position 0: character maps to <undefined>
[449/500] TATATECH ... ERROR Ś 'charmap' codec can't encode characters in position 0-1: character maps to <undefined>
[450/500] TTML ... ERROR Ś 'charmap' codec can't encode character '\u274c' in position 0: character maps to <undefined>
[451/500] TECHM ... ERROR Ś 'charmap' codec can't encode character '\u274c' in position 0: character maps to <undefined>
[452/500] TECHNOE ... ERROR Ś 'charmap' codec can't encode character '\u274c' in position 0: character maps to <undefined>
[453/500] TEGA ... ERROR Ś 'charmap' codec can't encode character '\u274c' in position 0: character maps to <undefined>
[454/500] TEJASNET ... ERROR Ś 'charmap' codec can't encode characters in position 0-1: character maps to <undefined>
[455/500] TENNIND ... ERROR Ś 'charmap' codec can't encode characters in position 0-1: character maps to <undefined>
[456/500] NIACL ... ERROR Ś 'charmap' codec can't encode characters in position 0-1: character maps to <undefined>
[457/500] RAMCOCEM ... ERROR Ś 'charmap' codec can't encode character '\u274c' in position 0: character maps to <undefined>
[458/500] THERMAX ... ERROR Ś 'charmap' codec can't encode characters in position 0-1: character maps to <undefined>
[459/500] TIMKEN ... ERROR Ś 'charmap' codec can't encode character '\u274c' in position 0: character maps to <undefined>
[460/500] TITAGARH ... ERROR Ś 'charmap' codec can't encode characters in position 0-1: character maps to <undefined>
[461/500] TITAN ... ERROR Ś 'charmap' codec can't encode characters in position 0-1: character maps to <undefined>
[462/500] TORNTPHARM ... ERROR Ś 'charmap' codec can't encode characters in position 0-1: character maps to <undefined>
[463/500] TORNTPOWER ... ERROR Ś 'charmap' codec can't encode character '\u274c' in position 0: character maps to <undefined>
[464/500] TARIL ... ERROR Ś 'charmap' codec can't encode characters in position 0-1: character maps to <undefined>
[465/500] TRAVELFOOD ... ERROR Ś 'charmap' codec can't encode characters in position 0-1: character maps to <undefined>
[466/500] TRENT ... ERROR Ś 'charmap' codec can't encode characters in position 0-1: character maps to <undefined>
[467/500] TRIDENT ... ERROR Ś 'charmap' codec can't encode characters in position 0-1: character maps to <undefined>
[468/500] TRITURBINE ... ERROR Ś 'charmap' codec can't encode characters in position 0-1: character maps to <undefined>
[469/500] TIINDIA ... ERROR Ś 'charmap' codec can't encode characters in position 0-1: character maps to <undefined>
[470/500] UCOBANK ... ERROR Ś 'charmap' codec can't encode characters in position 0-1: character maps to <undefined>
[471/500] UNOMINDA ... ERROR Ś 'charmap' codec can't encode characters in position 0-1: character maps to <undefined>
[472/500] UPL ... ERROR Ś 'charmap' codec can't encode character '\u274c' in position 0: character maps to <undefined>
[473/500] UTIAMC ... ERROR Ś 'charmap' codec can't encode character '\u274c' in position 0: character maps to <undefined>
[474/500] ULTRACEMCO ... ERROR Ś 'charmap' codec can't encode characters in position 0-1: character maps to <undefined>
[475/500] UNIONBANK ... ERROR Ś 'charmap' codec can't encode character '\u274c' in position 0: character maps to <undefined>
[476/500] UBL ... ERROR Ś 'charmap' codec can't encode character '\u274c' in position 0: character maps to <undefined>
[477/500] UNITDSPR ... ERROR Ś 'charmap' codec can't encode characters in position 0-1: character maps to <undefined>
[478/500] URBANCO ... ERROR Ś 'charmap' codec can't encode characters in position 0-1: character maps to <undefined>
[479/500] USHAMART ... ERROR Ś 'charmap' codec can't encode characters in position 0-1: character maps to <undefined>
[480/500] VTL ... ERROR Ś 'charmap' codec can't encode characters in position 0-1: character maps to <undefined>
[481/500] VBL ... ERROR Ś 'charmap' codec can't encode characters in position 0-1: character maps to <undefined>
[482/500] VEDL ... ERROR Ś 'charmap' codec can't encode character '\u274c' in position 0: character maps to <undefined>
[483/500] VIJAYA ... ERROR Ś 'charmap' codec can't encode characters in position 0-1: character maps to <undefined>
[484/500] VMM ... ERROR Ś 'charmap' codec can't encode characters in position 0-1: character maps to <undefined>
[485/500] IDEA ... ERROR Ś 'charmap' codec can't encode characters in position 0-1: character maps to <undefined>
[486/500] VOLTAS ... ERROR Ś 'charmap' codec can't encode character '\u274c' in position 0: character maps to <undefined>
[487/500] WAAREEENER ... ERROR Ś 'charmap' codec can't encode character '\u274c' in position 0: character maps to <undefined>
[488/500] WELCORP ... ERROR Ś 'charmap' codec can't encode characters in position 0-1: character maps to <undefined>
[489/500] WELSPUNLIV ... ERROR Ś 'charmap' codec can't encode characters in position 0-1: character maps to <undefined>
[490/500] WHIRLPOOL ... ERROR Ś 'charmap' codec can't encode character '\u274c' in position 0: character maps to <undefined>
[491/500] WIPRO ... ERROR Ś 'charmap' codec can't encode character '\u274c' in position 0: character maps to <undefined>
[492/500] WOCKPHARMA ... ERROR Ś 'charmap' codec can't encode characters in position 0-1: character maps to <undefined>
[493/500] YESBANK ... ERROR Ś 'charmap' codec can't encode characters in position 0-1: character maps to <undefined>
[494/500] ZFCVINDIA ... ERROR Ś 'charmap' codec can't encode character '\u274c' in position 0: character maps to <undefined>
[495/500] ZEEL ... ERROR Ś 'charmap' codec can't encode characters in position 0-1: character maps to <undefined>
[496/500] ZENTEC ... ERROR Ś 'charmap' codec can't encode characters in position 0-1: character maps to <undefined>
[497/500] ZENSARTECH ... ERROR Ś 'charmap' codec can't encode character '\u274c' in position 0: character maps to <undefined>
[498/500] ZYDUSLIFE ... ERROR Ś 'charmap' codec can't encode characters in position 0-1: character maps to <undefined>
[499/500] ZYDUSWELL ... ERROR Ś 'charmap' codec can't encode characters in position 0-1: character maps to <undefined>
[500/500] ECLERX ... ERROR Ś 'charmap' codec can't encode character '\u274c' in position 0: character maps to <undefined>

============================================================
WEEKLY SCAN COMPLETE
  Total scanned:      500
  Passed weekly trend: 325
ERROR: 'charmap' codec can't encode character '\u2192' in position 25: character maps to <undefined>
